Check for UNITY_LICENSE in GitHub Secrets	Set up job	﻿2026-04-25T20:45:18.1665281Z Current runner version: '2.333.1'
Check for UNITY_LICENSE in GitHub Secrets	Set up job	2026-04-25T20:45:18.1718303Z ##[group]Runner Image Provisioner
Check for UNITY_LICENSE in GitHub Secrets	Set up job	2026-04-25T20:45:18.1719362Z Hosted Compute Agent
Check for UNITY_LICENSE in GitHub Secrets	Set up job	2026-04-25T20:45:18.1720248Z Version: 20260213.493
Check for UNITY_LICENSE in GitHub Secrets	Set up job	2026-04-25T20:45:18.1720942Z Commit: 5c115507f6dd24b8de37d8bbe0bb4509d0cc0fa3
Check for UNITY_LICENSE in GitHub Secrets	Set up job	2026-04-25T20:45:18.1721670Z Build Date: 2026-02-13T00:28:41Z
Check for UNITY_LICENSE in GitHub Secrets	Set up job	2026-04-25T20:45:18.1722303Z Worker ID: {aede4ace-3b27-424c-98a5-5e1c2618f0b3}
Check for UNITY_LICENSE in GitHub Secrets	Set up job	2026-04-25T20:45:18.1723033Z Azure Region: westus
Check for UNITY_LICENSE in GitHub Secrets	Set up job	2026-04-25T20:45:18.1723528Z ##[endgroup]
Check for UNITY_LICENSE in GitHub Secrets	Set up job	2026-04-25T20:45:18.1725523Z ##[group]Operating System
Check for UNITY_LICENSE in GitHub Secrets	Set up job	2026-04-25T20:45:18.1726228Z Ubuntu
Check for UNITY_LICENSE in GitHub Secrets	Set up job	2026-04-25T20:45:18.1726697Z 24.04.4
Check for UNITY_LICENSE in GitHub Secrets	Set up job	2026-04-25T20:45:18.1727152Z LTS
Check for UNITY_LICENSE in GitHub Secrets	Set up job	2026-04-25T20:45:18.1727604Z ##[endgroup]
Check for UNITY_LICENSE in GitHub Secrets	Set up job	2026-04-25T20:45:18.1728116Z ##[group]Runner Image
Check for UNITY_LICENSE in GitHub Secrets	Set up job	2026-04-25T20:45:18.1728610Z Image: ubuntu-24.04
Check for UNITY_LICENSE in GitHub Secrets	Set up job	2026-04-25T20:45:18.1729145Z Version: 20260413.86.1
Check for UNITY_LICENSE in GitHub Secrets	Set up job	2026-04-25T20:45:18.1730512Z Included Software: https://github.com/actions/runner-images/blob/ubuntu24/20260413.86/images/ubuntu/Ubuntu2404-Readme.md
Check for UNITY_LICENSE in GitHub Secrets	Set up job	2026-04-25T20:45:18.1732356Z Image Release: https://github.com/actions/runner-images/releases/tag/ubuntu24%2F20260413.86
Check for UNITY_LICENSE in GitHub Secrets	Set up job	2026-04-25T20:45:18.1733219Z ##[endgroup]
Check for UNITY_LICENSE in GitHub Secrets	Set up job	2026-04-25T20:45:18.1734277Z ##[group]GITHUB_TOKEN Permissions
Check for UNITY_LICENSE in GitHub Secrets	Set up job	2026-04-25T20:45:18.1736576Z Contents: read
Check for UNITY_LICENSE in GitHub Secrets	Set up job	2026-04-25T20:45:18.1737107Z Metadata: read
Check for UNITY_LICENSE in GitHub Secrets	Set up job	2026-04-25T20:45:18.1737591Z Packages: read
Check for UNITY_LICENSE in GitHub Secrets	Set up job	2026-04-25T20:45:18.1738180Z ##[endgroup]
Check for UNITY_LICENSE in GitHub Secrets	Set up job	2026-04-25T20:45:18.1740763Z Secret source: None
Check for UNITY_LICENSE in GitHub Secrets	Set up job	2026-04-25T20:45:18.1741542Z Prepare workflow directory
Check for UNITY_LICENSE in GitHub Secrets	Set up job	2026-04-25T20:45:18.2171341Z Prepare all required actions
Check for UNITY_LICENSE in GitHub Secrets	Set up job	2026-04-25T20:45:18.2232750Z Complete job name: Check for UNITY_LICENSE in GitHub Secrets
Check for UNITY_LICENSE in GitHub Secrets	Run if [ -n "$UNITY_LICENSE" ]; then	﻿2026-04-25T20:45:18.3093593Z ##[group]Run if [ -n "$UNITY_LICENSE" ]; then
Check for UNITY_LICENSE in GitHub Secrets	Run if [ -n "$UNITY_LICENSE" ]; then	2026-04-25T20:45:18.3094420Z [36;1mif [ -n "$UNITY_LICENSE" ]; then[0m
Check for UNITY_LICENSE in GitHub Secrets	Run if [ -n "$UNITY_LICENSE" ]; then	2026-04-25T20:45:18.3095221Z [36;1m  echo "UNITY_LICENSE is set; build will run."[0m
Check for UNITY_LICENSE in GitHub Secrets	Run if [ -n "$UNITY_LICENSE" ]; then	2026-04-25T20:45:18.3096023Z [36;1m  echo "is_unity_license_set=true" >> "$GITHUB_OUTPUT"[0m
Check for UNITY_LICENSE in GitHub Secrets	Run if [ -n "$UNITY_LICENSE" ]; then	2026-04-25T20:45:18.3096856Z [36;1melse[0m
Check for UNITY_LICENSE in GitHub Secrets	Run if [ -n "$UNITY_LICENSE" ]; then	2026-04-25T20:45:18.3097592Z [36;1m  echo "UNITY_LICENSE is NOT set."[0m
Check for UNITY_LICENSE in GitHub Secrets	Run if [ -n "$UNITY_LICENSE" ]; then	2026-04-25T20:45:18.3098604Z [36;1m  echo "Configure UNITY_LICENSE, UNITY_EMAIL, UNITY_PASSWORD secrets to enable Windows packaging."[0m
Check for UNITY_LICENSE in GitHub Secrets	Run if [ -n "$UNITY_LICENSE" ]; then	2026-04-25T20:45:18.3100118Z [36;1m  echo "See README.md → 'GitHub Actions — Portable Windows EXE → Setup'."[0m
Check for UNITY_LICENSE in GitHub Secrets	Run if [ -n "$UNITY_LICENSE" ]; then	2026-04-25T20:45:18.3101412Z [36;1m  echo "is_unity_license_set=false" >> "$GITHUB_OUTPUT"[0m
Check for UNITY_LICENSE in GitHub Secrets	Run if [ -n "$UNITY_LICENSE" ]; then	2026-04-25T20:45:18.3102077Z [36;1mfi[0m
Check for UNITY_LICENSE in GitHub Secrets	Run if [ -n "$UNITY_LICENSE" ]; then	2026-04-25T20:45:18.3473910Z shell: /usr/bin/bash -e {0}
Check for UNITY_LICENSE in GitHub Secrets	Run if [ -n "$UNITY_LICENSE" ]; then	2026-04-25T20:45:18.3475079Z env:
Check for UNITY_LICENSE in GitHub Secrets	Run if [ -n "$UNITY_LICENSE" ]; then	2026-04-25T20:45:18.3475558Z   PROJECT_NAME: OneTry
Check for UNITY_LICENSE in GitHub Secrets	Run if [ -n "$UNITY_LICENSE" ]; then	2026-04-25T20:45:18.3476084Z   UNITY_LICENSE: 
Check for UNITY_LICENSE in GitHub Secrets	Run if [ -n "$UNITY_LICENSE" ]; then	2026-04-25T20:45:18.3476770Z ##[endgroup]
Check for UNITY_LICENSE in GitHub Secrets	Run if [ -n "$UNITY_LICENSE" ]; then	2026-04-25T20:45:18.3672675Z UNITY_LICENSE is NOT set.
Check for UNITY_LICENSE in GitHub Secrets	Run if [ -n "$UNITY_LICENSE" ]; then	2026-04-25T20:45:18.3674318Z Configure UNITY_LICENSE, UNITY_EMAIL, UNITY_PASSWORD secrets to enable Windows packaging.
Check for UNITY_LICENSE in GitHub Secrets	Run if [ -n "$UNITY_LICENSE" ]; then	2026-04-25T20:45:18.3776582Z See README.md → 'GitHub Actions — Portable Windows EXE → Setup'.
Check for UNITY_LICENSE in GitHub Secrets	Fail when push/PR cannot produce portable EXE	﻿2026-04-25T20:45:18.4040479Z ##[group]Run echo "::error title=Portable EXE artifact is not available::UNITY_LICENSE is missing, so the Windows packaging job cannot run and no OneTry-Win64 ZIP artifact can be uploaded."
Check for UNITY_LICENSE in GitHub Secrets	Fail when push/PR cannot produce portable EXE	2026-04-25T20:45:18.4045184Z [36;1mecho "::error title=Portable EXE artifact is not available::UNITY_LICENSE is missing, so the Windows packaging job cannot run and no OneTry-Win64 ZIP artifact can be uploaded."[0m
Check for UNITY_LICENSE in GitHub Secrets	Fail when push/PR cannot produce portable EXE	2026-04-25T20:45:18.4048294Z [36;1mecho "Add UNITY_LICENSE, UNITY_EMAIL, and UNITY_PASSWORD repository secrets, then re-run this workflow."[0m
Check for UNITY_LICENSE in GitHub Secrets	Fail when push/PR cannot produce portable EXE	2026-04-25T20:45:18.4050211Z [36;1mexit 1[0m
Check for UNITY_LICENSE in GitHub Secrets	Fail when push/PR cannot produce portable EXE	2026-04-25T20:45:18.4072687Z shell: /usr/bin/bash -e {0}
Check for UNITY_LICENSE in GitHub Secrets	Fail when push/PR cannot produce portable EXE	2026-04-25T20:45:18.4073178Z env:
Check for UNITY_LICENSE in GitHub Secrets	Fail when push/PR cannot produce portable EXE	2026-04-25T20:45:18.4073548Z   PROJECT_NAME: OneTry
Check for UNITY_LICENSE in GitHub Secrets	Fail when push/PR cannot produce portable EXE	2026-04-25T20:45:18.4073979Z ##[endgroup]
Check for UNITY_LICENSE in GitHub Secrets	Fail when push/PR cannot produce portable EXE	2026-04-25T20:45:18.4164235Z ##[error]UNITY_LICENSE is missing, so the Windows packaging job cannot run and no OneTry-Win64 ZIP artifact can be uploaded.
Check for UNITY_LICENSE in GitHub Secrets	Fail when push/PR cannot produce portable EXE	2026-04-25T20:45:18.4172756Z Add UNITY_LICENSE, UNITY_EMAIL, and UNITY_PASSWORD repository secrets, then re-run this workflow.
Check for UNITY_LICENSE in GitHub Secrets	Fail when push/PR cannot produce portable EXE	2026-04-25T20:45:18.4175843Z ##[error]Process completed with exit code 1.
Check for UNITY_LICENSE in GitHub Secrets	Complete job	﻿2026-04-25T20:45:18.4246605Z Evaluate and set job outputs
Check for UNITY_LICENSE in GitHub Secrets	Complete job	2026-04-25T20:45:18.4254485Z Set output 'is_unity_license_set'
Check for UNITY_LICENSE in GitHub Secrets	Complete job	2026-04-25T20:45:18.4257219Z Cleaning up orphan processes
